Un emprendimiento ha sido creado por el usuario 68d32c90c6943afdfd675d85, emprendimiento: {
  usuario: new ObjectId('68d32c90c6943afdfd675d85'),
  nombreEmprendimiento: 'ed3ef2',
  descripcionEmprendimiento: 'wefwe',
  emprendimientoActivo: true,
  emprendimientoEliminado: false,
  ubicacionEmprendimiento: { departamento: 'Antioquia', ciudad: 'Guarne' },
  _id: new ObjectId('68d3463c75d711663a870fc7'),
  fechaRegistro: 2025-09-24T01:15:40.749Z,
  createdAt: 2025-09-24T01:15:40.755Z,
  updatedAt: 2025-09-24T01:15:40.755Z,
  __v: 0
}, fecha: Tue Sep 23 2025 20:15:41 GMT-0500 (Colombia Standard Time)
Un emprendimiento ha sido editado: {
  ubicacionEmprendimiento: { departamento: 'Antioquia', ciudad: 'Gómez Plata' },
  _id: new ObjectId('68d3463c75d711663a870fc7'),
  usuario: new ObjectId('68d32c90c6943afdfd675d85'),
  nombreEmprendimiento: 'ed3ef2',
  descripcionEmprendimiento: 'wefwe',
  emprendimientoActivo: true,
  emprendimientoEliminado: false,
  fechaRegistro: 2025-09-24T01:15:40.749Z,
  createdAt: 2025-09-24T01:15:40.755Z,
  updatedAt: 2025-09-24T01:22:05.759Z,
  __v: 0
}, fecha: Tue Sep 23 2025 20:22:06 GMT-0500 (Colombia Standard Time)
Un emprendimiento ha sido creado por el usuario 68d32c90c6943afdfd675d85, emprendimiento: {
  usuario: new ObjectId('68d32c90c6943afdfd675d85'),
  nombreEmprendimiento: 'Laura Zapatera Gold',
  descripcionEmprendimiento: 'Emprendimiento familiar que nace del oro ancestral de la guajira, y llega a Antioquia para deleitarlos. Amen hermano.',
  emprendimientoActivo: true,
  emprendimientoEliminado: false,
  ubicacionEmprendimiento: { departamento: 'Antioquia', ciudad: 'Betania' },
  logo: 'https://jfqjioajaazanigdikst.supabase.co/storage/v1/object/public/akalia-imgs/emprendimientos/2c86c953-01a1-4fba-a433-7af1d3fbc946.jpg',
  _id: new ObjectId('68d3482c1aa6aed36b779c6b'),
  fechaRegistro: 2025-09-24T01:23:56.918Z,
  createdAt: 2025-09-24T01:23:56.926Z,
  updatedAt: 2025-09-24T01:23:56.926Z,
  __v: 0
}, fecha: Tue Sep 23 2025 20:23:57 GMT-0500 (Colombia Standard Time)
Un emprendimiento ha sido editado: {
  ubicacionEmprendimiento: { departamento: 'Antioquia', ciudad: 'Betulia' },
  _id: new ObjectId('68d3482c1aa6aed36b779c6b'),
  usuario: new ObjectId('68d32c90c6943afdfd675d85'),
  nombreEmprendimiento: 'Laura Zapatera Gold',
  descripcionEmprendimiento: 'Emprendimiento familiar que nace del oro ancestral de la guajira, y llega a Antioquia para deleitarlos. Amen hermano.',
  emprendimientoActivo: true,
  emprendimientoEliminado: false,
  logo: 'https://jfqjioajaazanigdikst.supabase.co/storage/v1/object/public/akalia-imgs/emprendimientos/2c86c953-01a1-4fba-a433-7af1d3fbc946.jpg',
  fechaRegistro: 2025-09-24T01:23:56.918Z,
  createdAt: 2025-09-24T01:23:56.926Z,
  updatedAt: 2025-09-24T02:38:45.930Z,
  __v: 0
}, fecha: Tue Sep 23 2025 21:38:47 GMT-0500 (Colombia Standard Time)
Un emprendimiento ha sido creado por el usuario 68d32c90c6943afdfd675d85, emprendimiento: {
  usuario: new ObjectId('68d32c90c6943afdfd675d85'),
  nombreEmprendimiento: 'funcione 3',
  descripcionEmprendimiento: '',
  emprendimientoActivo: true,
  emprendimientoEliminado: false,
  ubicacionEmprendimiento: { departamento: 'Cauca', ciudad: 'El Tambo' },
  _id: new ObjectId('68d377706574aae4acefe9e9'),
  fechaRegistro: 2025-09-24T04:45:36.664Z,
  createdAt: 2025-09-24T04:45:36.670Z,
  updatedAt: 2025-09-24T04:45:36.670Z,
  __v: 0
}, fecha: Tue Sep 23 2025 23:45:36 GMT-0500 (Colombia Standard Time)
Un emprendimiento ha sido editado: {
  ubicacionEmprendimiento: { departamento: 'Antioquia', ciudad: 'Gómez Plata' },
  _id: new ObjectId('68d3463c75d711663a870fc7'),
  usuario: new ObjectId('68d32c90c6943afdfd675d85'),
  nombreEmprendimiento: 'dwdw',
  descripcionEmprendimiento: '',
  emprendimientoActivo: true,
  emprendimientoEliminado: false,
  fechaRegistro: 2025-09-24T01:15:40.749Z,
  createdAt: 2025-09-24T01:15:40.755Z,
  updatedAt: 2025-09-24T04:46:07.087Z,
  __v: 0,
  logo: 'https://jfqjioajaazanigdikst.supabase.co/storage/v1/object/public/akalia-imgs/emprendimientos/093cc81b-a74c-4029-ba8b-351c06cea794.jpg'
}, fecha: Tue Sep 23 2025 23:46:07 GMT-0500 (Colombia Standard Time)
Un emprendimiento ha sido eliminado: 68d3463c75d711663a870fc7, fecha: Tue Sep 23 2025 23:46:14 GMT-0500 (Colombia Standard Time)
Un emprendimiento ha sido creado por el usuario 68dad1354694cf94e930da72, emprendimiento: {
  usuario: new ObjectId('68dad1354694cf94e930da72'),
  nombreEmprendimiento: 'Tejidos amor mío',
  descripcionEmprendimiento: 'Tejidos amor mío Tejidos amor mío Tejidos amor mío Tejidos amor mío Tejidos amor mío Tejidos amor mío Tejidos amor mío Tejidos amor mío Tejidos amor mío Tejidos amor mío Tejidos amor mío Tejidos amor mío Tejidos amor mío Tejidos amor mío Tejidos amor mío Tejidos amor mío Tejidos amor mío',
  emprendimientoActivo: true,
  emprendimientoEliminado: false,
  ubicacionEmprendimiento: { departamento: 'Guainía', ciudad: 'Morichal' },
  logo: 'https://jfqjioajaazanigdikst.supabase.co/storage/v1/object/public/akalia-imgs/emprendimientos/8cc317dd-3031-49b2-8d6e-cba519bdce2a.jpg',
  _id: new ObjectId('68dad75d4694cf94e930da97'),
  fechaRegistro: 2025-09-29T19:00:45.090Z,
  createdAt: 2025-09-29T19:00:45.093Z,
  updatedAt: 2025-09-29T19:00:45.093Z,
  __v: 0
}, fecha: Mon Sep 29 2025 14:00:45 GMT-0500 (hora estándar de Colombia)
Un emprendimiento ha sido editado: {
  ubicacionEmprendimiento: { departamento: 'Casanare', ciudad: 'Pore' },
  _id: new ObjectId('68dad75d4694cf94e930da97'),
  usuario: new ObjectId('68dad1354694cf94e930da72'),
  nombreEmprendimiento: 'Tejidos amor de amores',
  descripcionEmprendimiento: 'Tejidos amor de amores Tejidos amor de amores Tejidos amor de amores Tejidos amor de amores Tejidos amor de amores Tejidos amor de amores Tejidos amor de amores Tejidos amor de amores Tejidos amor de amores Tejidos amor de amores Tejidos amor de amores Tejidos amor de amores Tejidos amor de amores Tejidos amor de amores Tejidos amor de amores',
  emprendimientoActivo: true,
  emprendimientoEliminado: false,
  logo: 'https://jfqjioajaazanigdikst.supabase.co/storage/v1/object/public/akalia-imgs/emprendimientos/e62308fc-45b8-4475-a7d6-b8553088146b.jpg',
  fechaRegistro: 2025-09-29T19:00:45.090Z,
  createdAt: 2025-09-29T19:00:45.093Z,
  updatedAt: 2025-09-29T19:06:16.782Z,
  __v: 0
}, fecha: Mon Sep 29 2025 14:06:17 GMT-0500 (hora estándar de Colombia)
Un emprendimiento ha sido creado por el usuario 68dad1354694cf94e930da72, emprendimiento: {
  usuario: new ObjectId('68dad1354694cf94e930da72'),
  nombreEmprendimiento: 'Cerámicas ancestrales',
  descripcionEmprendimiento: 'Cerámicas ancestrales  Cerámicas ancestrales  Cerámicas ancestrales  Cerámicas ancestrales  Cerámicas ancestrales  Cerámicas ancestrales  Cerámicas ancestrales  Cerámicas ancestrales  Cerámicas ancestrales  Cerámicas ancestrales  Cerámicas ancestrales  Cerámicas ancestrales  Cerámicas ancestrales',
  emprendimientoActivo: true,
  emprendimientoEliminado: false,
  ubicacionEmprendimiento: { departamento: 'Bolívar', ciudad: 'El Guamo' },
  logo: 'https://jfqjioajaazanigdikst.supabase.co/storage/v1/object/public/akalia-imgs/emprendimientos/458636c0-adf8-406b-b787-ad9cff15b76f.jpg',
  _id: new ObjectId('68dadab74694cf94e930dada'),
  fechaRegistro: 2025-09-29T19:15:03.987Z,
  createdAt: 2025-09-29T19:15:03.988Z,
  updatedAt: 2025-09-29T19:15:03.988Z,
  __v: 0
}, fecha: Mon Sep 29 2025 14:15:04 GMT-0500 (hora estándar de Colombia)
Un emprendimiento ha sido creado por el usuario 68dad1354694cf94e930da72, emprendimiento: {
  usuario: new ObjectId('68dad1354694cf94e930da72'),
  nombreEmprendimiento: 'Carpintería el abuelo',
  descripcionEmprendimiento: 'Carpintería el abueloCarpintería el abueloCarpintería el abueloCarpintería el abueloCarpintería el abueloCarpintería el abueloCarpintería el abueloCarpintería el abueloCarpintería el abueloCarpintería el abueloCarpintería el abueloCarpintería el abueloCarpintería el abuelo',
  emprendimientoActivo: true,
  emprendimientoEliminado: false,
  ubicacionEmprendimiento: { departamento: 'Bolívar', ciudad: 'Córdoba' },
  logo: 'https://jfqjioajaazanigdikst.supabase.co/storage/v1/object/public/akalia-imgs/emprendimientos/183db460-a65c-4e59-befc-6d96dffdbe8d.jpg',
  _id: new ObjectId('68dadb0d4694cf94e930dae8'),
  fechaRegistro: 2025-09-29T19:16:29.004Z,
  createdAt: 2025-09-29T19:16:29.006Z,
  updatedAt: 2025-09-29T19:16:29.006Z,
  __v: 0
}, fecha: Mon Sep 29 2025 14:16:29 GMT-0500 (hora estándar de Colombia)
Un emprendimiento ha sido eliminado: 68dadb0d4694cf94e930dae8, fecha: Mon Sep 29 2025 14:18:27 GMT-0500 (hora estándar de Colombia)
Un emprendimiento ha sido editado: {
  ubicacionEmprendimiento: { departamento: 'Bolívar', ciudad: 'El Guamo' },
  _id: new ObjectId('68dadab74694cf94e930dada'),
  usuario: new ObjectId('68dad1354694cf94e930da72'),
  nombreEmprendimiento: 'Cerámicas ancestrales',
  descripcionEmprendimiento: 'Cerámicas ancestrales  Cerámicas ancestrales  Cerámicas ancestrales  Cerámicas ancestrales  Cerámicas ancestrales  Cerámicas ancestrales  Cerámicas ancestrales  Cerámicas ancestrales  Cerámicas ancestrales  Cerámicas ancestrales  Cerámicas ancestrales  Cerámicas ancestrales  Cerámicas ancestrales',
  emprendimientoActivo: false,
  emprendimientoEliminado: false,
  logo: 'https://jfqjioajaazanigdikst.supabase.co/storage/v1/object/public/akalia-imgs/emprendimientos/458636c0-adf8-406b-b787-ad9cff15b76f.jpg',
  fechaRegistro: 2025-09-29T19:15:03.987Z,
  createdAt: 2025-09-29T19:15:03.988Z,
  updatedAt: 2025-09-29T19:18:46.389Z,
  __v: 0
}, fecha: Mon Sep 29 2025 14:18:46 GMT-0500 (hora estándar de Colombia)
Un emprendimiento ha sido editado: {
  ubicacionEmprendimiento: { departamento: 'Huila', ciudad: 'Isnos' },
  _id: new ObjectId('68d4c8620fc4c75ee38f809c'),
  usuario: new ObjectId('68d4c7ad0fc4c75ee38f808c'),
  nombreEmprendimiento: 'Laura Zapatera Goldddd pro plus diamond max',
  descripcionEmprendimiento: 'Laura Zapatera Goldddd pro plus diamond maxLaura Zapatera Goldddd pro plus diamond maxLaura Zapatera Goldddd pro plus diamond maxLaura Zapatera Goldddd pro plus diamond max',
  emprendimientoActivo: true,
  emprendimientoEliminado: false,
  fechaRegistro: 2025-09-25T04:43:14.573Z,
  createdAt: 2025-09-25T04:43:14.574Z,
  updatedAt: 2025-09-29T19:27:33.554Z,
  __v: 0,
  logo: 'https://jfqjioajaazanigdikst.supabase.co/storage/v1/object/public/akalia-imgs/emprendimientos/040fb306-6e30-4a1b-ac5f-6d92851bf9a8.jpg'
}, fecha: Mon Sep 29 2025 14:27:33 GMT-0500 (hora estándar de Colombia)
Un emprendimiento ha sido creado por el usuario 68db20e117d48f148a3e3445, emprendimiento: {
  usuario: new ObjectId('68db20e117d48f148a3e3445'),
  nombreEmprendimiento: 'Mostacilla bonita',
  descripcionEmprendimiento: 'Mostacilla bonita Mostacilla bonita Mostacilla bonita Mostacilla bonita Mostacilla bonita Mostacilla bonita Mostacilla bonita Mostacilla bonita Mostacilla bonita Mostacilla bonita Mostacilla bonita Mostacilla bonita Mostacilla bonita',
  emprendimientoActivo: true,
  emprendimientoEliminado: false,
  ubicacionEmprendimiento: { departamento: 'La Guajira', ciudad: 'Maicao' },
  logo: 'https://jfqjioajaazanigdikst.supabase.co/storage/v1/object/public/akalia-imgs/emprendimientos/4e8d4e31-d016-4192-8067-46e865f55ae4.jpg',
  _id: new ObjectId('68db217017d48f148a3e3473'),
  fechaRegistro: 2025-09-30T00:16:48.186Z,
  createdAt: 2025-09-30T00:16:48.189Z,
  updatedAt: 2025-09-30T00:16:48.189Z,
  __v: 0
}, fecha: Mon Sep 29 2025 19:16:48 GMT-0500 (hora estándar de Colombia)
Un emprendimiento ha sido creado por el usuario 68dc1cf96f88967b52aead52, emprendimiento: {
  usuario: new ObjectId('68dc1cf96f88967b52aead52'),
  nombreEmprendimiento: 'Maderas del sur',
  descripcionEmprendimiento: 'Maderas del sur Maderas del sur Maderas del sur Maderas del sur Maderas del sur Maderas del sur',
  emprendimientoActivo: true,
  emprendimientoEliminado: false,
  ubicacionEmprendimiento: { departamento: 'Guaviare', ciudad: 'El Retorno' },
  logo: 'https://jfqjioajaazanigdikst.supabase.co/storage/v1/object/public/akalia-imgs/emprendimientos/ecf797cc-15d3-4ca9-b840-4f84ece17d47.jpg',
  _id: new ObjectId('68dc1d826f88967b52aead86'),
  fechaRegistro: 2025-09-30T18:12:18.754Z,
  createdAt: 2025-09-30T18:12:18.756Z,
  updatedAt: 2025-09-30T18:12:18.756Z,
  __v: 0
}, fecha: Tue Sep 30 2025 13:12:18 GMT-0500 (hora estándar de Colombia)
Un emprendimiento ha sido editado: {
  ubicacionEmprendimiento: { departamento: 'Guaviare', ciudad: 'El Retorno' },
  _id: new ObjectId('68dc1d826f88967b52aead86'),
  usuario: new ObjectId('68dc1cf96f88967b52aead52'),
  nombreEmprendimiento: 'Maderas bonitas del sur',
  descripcionEmprendimiento: 'Maderas del sur Maderas del sur Maderas del sur Maderas del sur Maderas del sur Maderas del sur',
  emprendimientoActivo: true,
  emprendimientoEliminado: false,
  logo: 'https://jfqjioajaazanigdikst.supabase.co/storage/v1/object/public/akalia-imgs/emprendimientos/ecf797cc-15d3-4ca9-b840-4f84ece17d47.jpg',
  fechaRegistro: 2025-09-30T18:12:18.754Z,
  createdAt: 2025-09-30T18:12:18.756Z,
  updatedAt: 2025-09-30T18:13:37.698Z,
  __v: 0
}, fecha: Tue Sep 30 2025 13:13:38 GMT-0500 (hora estándar de Colombia)
Un emprendimiento ha sido creado por el usuario 68dc1cf96f88967b52aead52, emprendimiento: {
  usuario: new ObjectId('68dc1cf96f88967b52aead52'),
  nombreEmprendimiento: 'Detalles encantadores',
  descripcionEmprendimiento: 'Detalles encantadores Detalles encantadores Detalles encantadores Detalles encantadores Detalles encantadores Detalles encantadores Detalles encantadores Detalles encantadores Detalles encantadores Detalles encantadores Detalles encantadores',
  emprendimientoActivo: true,
  emprendimientoEliminado: false,
  ubicacionEmprendimiento: { departamento: 'Huila', ciudad: 'Tarqui' },
  logo: 'https://jfqjioajaazanigdikst.supabase.co/storage/v1/object/public/akalia-imgs/emprendimientos/be1e548b-b494-437f-95ba-7a81a1a69b01.jpg',
  _id: new ObjectId('68dc5d07f45520e2c00275be'),
  fechaRegistro: 2025-09-30T22:43:19.681Z,
  createdAt: 2025-09-30T22:43:19.685Z,
  updatedAt: 2025-09-30T22:43:19.685Z,
  __v: 0
}, fecha: Tue Sep 30 2025 17:43:19 GMT-0500 (hora estándar de Colombia)
Un emprendimiento ha sido editado: {
  ubicacionEmprendimiento: { departamento: 'Guaviare', ciudad: 'El Retorno' },
  _id: new ObjectId('68dc1d826f88967b52aead86'),
  usuario: new ObjectId('68dc1cf96f88967b52aead52'),
  nombreEmprendimiento: 'Maderas con amor',
  descripcionEmprendimiento: 'Maderas del sur Maderas del sur Maderas del sur Maderas del sur Maderas del sur Maderas del sur',
  emprendimientoActivo: true,
  emprendimientoEliminado: false,
  logo: 'https://jfqjioajaazanigdikst.supabase.co/storage/v1/object/public/akalia-imgs/emprendimientos/ecf797cc-15d3-4ca9-b840-4f84ece17d47.jpg',
  fechaRegistro: 2025-09-30T18:12:18.754Z,
  createdAt: 2025-09-30T18:12:18.756Z,
  updatedAt: 2025-09-30T22:44:53.321Z,
  __v: 0
}, fecha: Tue Sep 30 2025 17:44:53 GMT-0500 (hora estándar de Colombia)
Un emprendimiento ha sido editado: {
  ubicacionEmprendimiento: { departamento: 'Cundinamarca', ciudad: 'Bogotá, D.C.' },
  _id: new ObjectId('68d3482c1aa6aed36b779c6b'),
  usuario: new ObjectId('68d32c90c6943afdfd675d85'),
  nombreEmprendimiento: 'Laura Zapatera Gold',
  descripcionEmprendimiento: 'Emprendimiento familiar que nace del oro ancestral de la guajira, y llega a Antioquia para deleitarlos. Amen herman',
  emprendimientoActivo: true,
  emprendimientoEliminado: false,
  logo: 'https://jfqjioajaazanigdikst.supabase.co/storage/v1/object/public/akalia-imgs/emprendimientos/2c86c953-01a1-4fba-a433-7af1d3fbc946.jpg',
  fechaRegistro: 2025-09-24T01:23:56.918Z,
  createdAt: 2025-09-24T01:23:56.926Z,
  updatedAt: 2025-10-08T18:45:51.992Z,
  __v: 0
}, fecha: Wed Oct 08 2025 13:45:52 GMT-0500 (Colombia Standard Time)
Un emprendimiento ha sido editado: {
  ubicacionEmprendimiento: { departamento: 'Cundinamarca', ciudad: 'Bogotá, D.C.' },
  _id: new ObjectId('68d3482c1aa6aed36b779c6b'),
  usuario: new ObjectId('68d32c90c6943afdfd675d85'),
  nombreEmprendimiento: 'Laura Zapatera Gol',
  descripcionEmprendimiento: 'Emprendimiento familiar que nace del oro ancestral de la guajira, y llega a Antioquia para deleitarlos. Amen herman',
  emprendimientoActivo: true,
  emprendimientoEliminado: false,
  logo: 'https://jfqjioajaazanigdikst.supabase.co/storage/v1/object/public/akalia-imgs/emprendimientos/2c86c953-01a1-4fba-a433-7af1d3fbc946.jpg',
  fechaRegistro: 2025-09-24T01:23:56.918Z,
  createdAt: 2025-09-24T01:23:56.926Z,
  updatedAt: 2025-10-08T18:46:12.440Z,
  __v: 0
}, fecha: Wed Oct 08 2025 13:46:12 GMT-0500 (Colombia Standard Time)
Un emprendimiento ha sido eliminado: 68e2d68829b7ae1246aef0f9, fecha: Wed Oct 08 2025 18:00:15 GMT-0500 (Colombia Standard Time)
Un emprendimiento ha sido eliminado: 68d419a94c7780da8b33b5f9, fecha: Wed Oct 08 2025 18:01:01 GMT-0500 (Colombia Standard Time)
Un emprendimiento ha sido editado: {
  ubicacionEmprendimiento: { departamento: 'Cundinamarca', ciudad: 'Bogotá, D.C.' },
  _id: new ObjectId('68d3482c1aa6aed36b779c6b'),
  usuario: new ObjectId('68d32c90c6943afdfd675d85'),
  nombreEmprendimiento: 'Laura Zapatera Gold',
  descripcionEmprendimiento: 'Emprendimiento familiar que nace del oro ancestral de la guajira, y llega a Antioquia para deleitarlos. Amen herman',
  emprendimientoActivo: true,
  emprendimientoEliminado: false,
  logo: 'https://jfqjioajaazanigdikst.supabase.co/storage/v1/object/public/akalia-imgs/emprendimientos/2c86c953-01a1-4fba-a433-7af1d3fbc946.jpg',
  fechaRegistro: 2025-09-24T01:23:56.918Z,
  createdAt: 2025-09-24T01:23:56.926Z,
  updatedAt: 2025-10-08T23:09:28.460Z,
  __v: 0
}, fecha: Wed Oct 08 2025 18:09:28 GMT-0500 (Colombia Standard Time)
Un emprendimiento ha sido editado: {
  ubicacionEmprendimiento: { departamento: 'Cundinamarca', ciudad: 'Bogotá, D.C.' },
  _id: new ObjectId('68d3482c1aa6aed36b779c6b'),
  usuario: new ObjectId('68d32c90c6943afdfd675d85'),
  nombreEmprendimiento: 'Laura Zapatera Gold',
  descripcionEmprendimiento: 'Emprendimiento familiar que nace del oro ancestral de la guajira, y llega a Antioquia para deleitarlos. Amen herman',
  emprendimientoActivo: false,
  emprendimientoEliminado: false,
  logo: 'https://jfqjioajaazanigdikst.supabase.co/storage/v1/object/public/akalia-imgs/emprendimientos/2c86c953-01a1-4fba-a433-7af1d3fbc946.jpg',
  fechaRegistro: 2025-09-24T01:23:56.918Z,
  createdAt: 2025-09-24T01:23:56.926Z,
  updatedAt: 2025-10-08T23:17:57.948Z,
  __v: 0
}, fecha: Wed Oct 08 2025 18:17:58 GMT-0500 (Colombia Standard Time)
Un emprendimiento ha sido editado: {
  ubicacionEmprendimiento: { departamento: 'Cundinamarca', ciudad: 'Bogotá, D.C.' },
  _id: new ObjectId('68d3482c1aa6aed36b779c6b'),
  usuario: new ObjectId('68d32c90c6943afdfd675d85'),
  nombreEmprendimiento: 'Laura Zapatera Gold',
  descripcionEmprendimiento: 'Emprendimiento familiar que nace del oro ancestral de la guajira, y llega a Antioquia para deleitarlos. Amen herman',
  emprendimientoActivo: true,
  emprendimientoEliminado: false,
  logo: 'https://jfqjioajaazanigdikst.supabase.co/storage/v1/object/public/akalia-imgs/emprendimientos/2c86c953-01a1-4fba-a433-7af1d3fbc946.jpg',
  fechaRegistro: 2025-09-24T01:23:56.918Z,
  createdAt: 2025-09-24T01:23:56.926Z,
  updatedAt: 2025-10-08T23:18:15.276Z,
  __v: 0
}, fecha: Wed Oct 08 2025 18:18:15 GMT-0500 (Colombia Standard Time)
Un emprendimiento ha sido editado: {
  ubicacionEmprendimiento: { departamento: 'Cauca', ciudad: 'El Tambo' },
  _id: new ObjectId('68d377706574aae4acefe9e9'),
  usuario: new ObjectId('68d32c90c6943afdfd675d85'),
  nombreEmprendimiento: 'Funcion Amigurumi',
  descripcionEmprendimiento: '',
  emprendimientoActivo: true,
  emprendimientoEliminado: false,
  fechaRegistro: 2025-09-24T04:45:36.664Z,
  createdAt: 2025-09-24T04:45:36.670Z,
  updatedAt: 2025-10-08T23:18:33.315Z,
  __v: 0
}, fecha: Wed Oct 08 2025 18:18:33 GMT-0500 (Colombia Standard Time)
Un emprendimiento ha sido creado por el usuario 68d32c90c6943afdfd675d85, emprendimiento: {
  usuario: new ObjectId('68d32c90c6943afdfd675d85'),
  nombreEmprendimiento: '5h5rtyh',
  descripcionEmprendimiento: '65h564h',
  emprendimientoActivo: true,
  emprendimientoEliminado: false,
  ubicacionEmprendimiento: { departamento: 'Cundinamarca', ciudad: 'Bojacá' },
  _id: new ObjectId('68e88310908bdbeffdc8ab1e'),
  fechaRegistro: 2025-10-10T03:52:48.990Z,
  createdAt: 2025-10-10T03:52:48.991Z,
  updatedAt: 2025-10-10T03:52:48.991Z,
  __v: 0
}, fecha: Thu Oct 09 2025 22:52:49 GMT-0500 (Colombia Standard Time)
