Un usuario inició sesión: prueba789*@gmail.com, fecha: Sun Sep 21 2025 14:19:54 GMT-0500 (Colombia Standard Time)
Un usuario inició sesión: prueba789*@gmail.com, fecha: Sun Sep 21 2025 14:22:12 GMT-0500 (Colombia Standard Time)
Un usuario inició sesión: prueba789*@gmail.com, fecha: Sun Sep 21 2025 14:24:54 GMT-0500 (Colombia Standard Time)
Un usuario inició sesión: prueba789*@gmail.com, fecha: Sun Sep 21 2025 14:27:47 GMT-0500 (Colombia Standard Time)
Un usuario ha editado su información personal: prueba789*22@gmail.com, información nueva: [object Object]  fecha: Tue Sep 23 2025 19:30:10 GMT-0500 (Colombia Standard Time)
Un usuario inició sesión: samuel12*@gmail.com, fecha: Fri Oct 03 2025 01:19:43 GMT-0500 (Colombia Standard Time)
Un usuario inició sesión: samuel12*@gmail.com, fecha: Fri Oct 03 2025 01:25:00 GMT-0500 (Colombia Standard Time)
Un usuario inició sesión: samuel12*@gmail.com, fecha: Fri Oct 03 2025 01:31:37 GMT-0500 (Colombia Standard Time)
Un usuario inició sesión: samuel12*@gmail.com, fecha: Fri Oct 03 2025 01:44:11 GMT-0500 (Colombia Standard Time)
Un usuario inició sesión: samuel12*@gmail.com, fecha: Fri Oct 03 2025 01:49:08 GMT-0500 (Colombia Standard Time)
Un usuario inició sesión: samuel12*@gmail.com, fecha: Fri Oct 03 2025 01:57:56 GMT-0500 (Colombia Standard Time)
Un usuario inició sesión: samuel12*@gmail.com, fecha: Fri Oct 03 2025 02:10:21 GMT-0500 (Colombia Standard Time)
Un usuario inició sesión: samuel12*@gmail.com, fecha: Fri Oct 03 2025 02:12:23 GMT-0500 (Colombia Standard Time)
Un usuario inició sesión: samuel12*@gmail.com, fecha: Fri Oct 03 2025 02:16:30 GMT-0500 (Colombia Standard Time)
Un usuario inició sesión: samuel12*@gmail.com, fecha: Fri Oct 03 2025 02:28:58 GMT-0500 (Colombia Standard Time)
Un usuario inició sesión: samuel12*@gmail.com, fecha: Fri Oct 03 2025 02:30:08 GMT-0500 (Colombia Standard Time)
Un usuario se ha registrado: [object Object], fecha: Fri Oct 03 2025 02:52:00 GMT-0500 (Colombia Standard Time)
Un usuario inició sesión: carmelo@gmail.com, fecha: Fri Oct 03 2025 03:00:45 GMT-0500 (Colombia Standard Time)
Un usuario inició sesión: prueba789*@gmail.com, fecha: Fri Oct 03 2025 11:13:25 GMT-0500 (Colombia Standard Time)
Un usuario inició sesión: prueba789*@gmail.com, fecha: Fri Oct 03 2025 11:17:12 GMT-0500 (Colombia Standard Time)
Un usuario inició sesión: prueba789*@gmail.com, fecha: Fri Oct 03 2025 11:20:31 GMT-0500 (Colombia Standard Time)
Un usuario inició sesión: prueba789*@gmail.com, fecha: Fri Oct 03 2025 11:21:08 GMT-0500 (Colombia Standard Time)
Un usuario inició sesión: prueba789*@gmail.com, fecha: Fri Oct 03 2025 11:38:27 GMT-0500 (Colombia Standard Time)
Un usuario inició sesión: prueba789*@gmail.com, fecha: Fri Oct 03 2025 11:43:25 GMT-0500 (Colombia Standard Time)
Un usuario inició sesión: prueba789*@gmail.com, fecha: Fri Oct 03 2025 11:44:07 GMT-0500 (Colombia Standard Time)
Un usuario inició sesión: prueba789*@gmail.com, fecha: Fri Oct 03 2025 11:50:05 GMT-0500 (Colombia Standard Time)
Un usuario inició sesión: carmelo@gmail.com, fecha: Fri Oct 03 2025 11:51:07 GMT-0500 (Colombia Standard Time)
Un usuario ha editado su información personal: prueba789*@gmail.com, información nueva: [object Object]  fecha: Fri Oct 03 2025 11:58:18 GMT-0500 (Colombia Standard Time)
Un usuario ha editado su información personal: prueba789*@gmail.com, información nueva: [object Object]  fecha: Fri Oct 03 2025 11:58:52 GMT-0500 (Colombia Standard Time)
Un usuario ha editado su información personal: prueba789*@gmail.com, información nueva: [object Object]  fecha: Fri Oct 03 2025 11:59:25 GMT-0500 (Colombia Standard Time)
Un usuario inició sesión: prueba789*@gmail.com, fecha: Fri Oct 03 2025 12:08:47 GMT-0500 (Colombia Standard Time)
Un usuario inició sesión: prueba789*@gmail.com, fecha: Fri Oct 03 2025 12:16:14 GMT-0500 (Colombia Standard Time)
Un usuario ha editado su información personal: carmelo@gmail.com, información nueva: [object Object]  fecha: Fri Oct 03 2025 12:25:50 GMT-0500 (Colombia Standard Time)
Un usuario inició sesión: prueba789*@gmail.com, fecha: Fri Oct 03 2025 12:42:53 GMT-0500 (Colombia Standard Time)
Un usuario inició sesión: prueba789*@gmail.com, fecha: Fri Oct 03 2025 12:45:50 GMT-0500 (Colombia Standard Time)
Un usuario inició sesión: prueba789*@gmail.com, fecha: Fri Oct 03 2025 13:04:48 GMT-0500 (Colombia Standard Time)
Un usuario inició sesión: prueba789*@gmail.com, fecha: Fri Oct 03 2025 13:20:59 GMT-0500 (Colombia Standard Time)
Un usuario inició sesión: prueba789*@gmail.com, fecha: Fri Oct 03 2025 13:35:07 GMT-0500 (Colombia Standard Time)
Un usuario inició sesión: prueba789*@gmail.com, fecha: Fri Oct 03 2025 13:36:31 GMT-0500 (Colombia Standard Time)
Un usuario inició sesión: prueba789*@gmail.com, fecha: Fri Oct 03 2025 13:38:33 GMT-0500 (Colombia Standard Time)
Un usuario inició sesión: prueba789*22@gmail.com, fecha: Fri Oct 03 2025 14:00:02 GMT-0500 (Colombia Standard Time)
Un usuario inició sesión: prueba789*22@gmail.com, fecha: Fri Oct 03 2025 14:18:30 GMT-0500 (Colombia Standard Time)
Un usuario inició sesión: prueba789*22@gmail.com, fecha: Fri Oct 03 2025 14:24:29 GMT-0500 (Colombia Standard Time)
Un usuario inició sesión: prueba789*22@gmail.com, fecha: Fri Oct 03 2025 14:25:12 GMT-0500 (Colombia Standard Time)
Un usuario inició sesión: prueba789*22@gmail.com, fecha: Fri Oct 03 2025 14:25:43 GMT-0500 (Colombia Standard Time)
Un usuario inició sesión: prueba789*22@gmail.com, fecha: Fri Oct 03 2025 14:32:17 GMT-0500 (Colombia Standard Time)
Un usuario inició sesión: prueba789*22@gmail.com, fecha: Fri Oct 03 2025 14:33:37 GMT-0500 (Colombia Standard Time)
Un usuario inició sesión: prueba789*22@gmail.com, fecha: Fri Oct 03 2025 14:35:49 GMT-0500 (Colombia Standard Time)
Un usuario inició sesión: samuel12*@gmail.com, fecha: Fri Oct 03 2025 14:39:28 GMT-0500 (Colombia Standard Time)
